<?xml version="1.0" encoding="UTF-8"?>
<!-- Generated by org.testng.reporters.JUnitXMLReporter -->
<testsuite ignored="0" hostname="sree" failures="0" tests="5" name="Default test" time="67.202" errors="0" timestamp="2023-01-13T06:44:02 IST">
  <testcase classname="testng.Description" name="f1" time="0.007"/>
  <testcase classname="testng.Description" name="f2" time="0.004"/>
  <testcase classname="testng.Description" name="f3" time="0.002"/>
  <testcase classname="testng.Description" name="f4" time="0.001"/>
  <testcase classname="testng.Description" name="f5" time="0.002"/>
</testsuite> <!-- Default test -->
