<?xml version="1.0" encoding="UTF-8"?>
<testng-results ignored="0" total="5" passed="5" failed="0" skipped="0">
  <reporter-output>
  </reporter-output>
  <suite started-at="2023-01-13T06:42:53 IST" name="Default suite" finished-at="2023-01-13T06:44:00 IST" duration-ms="67202">
    <groups>
    </groups>
    <test started-at="2023-01-13T06:42:53 IST" name="Default test" finished-at="2023-01-13T06:44:00 IST" duration-ms="67202">
      <class name="testng.Description">
        <test-method is-config="true" signature="beforeTest()[pri:0, instance:testng.Description@316bcf94]" started-at="2023-01-13T06:42:53 IST" name="beforeTest" finished-at="2023-01-13T06:44:00 IST" duration-ms="67105" status="PASS">
          <reporter-output>
          </reporter-output>
        </test-method> <!-- beforeTest -->
        <test-method signature="f1()[pri:0, instance:testng.Description@316bcf94]" started-at="2023-01-13T06:44:00 IST" name="f1" finished-at="2023-01-13T06:44:00 IST" duration-ms="7" status="PASS">
          <reporter-output>
          </reporter-output>
        </test-method> <!-- f1 -->
        <test-method signature="f2()[pri:0, instance:testng.Description@316bcf94]" started-at="2023-01-13T06:44:00 IST" name="f2" finished-at="2023-01-13T06:44:00 IST" duration-ms="4" status="PASS">
          <reporter-output>
          </reporter-output>
        </test-method> <!-- f2 -->
        <test-method signature="f3()[pri:0, instance:testng.Description@316bcf94]" started-at="2023-01-13T06:44:00 IST" name="f3" finished-at="2023-01-13T06:44:00 IST" duration-ms="2" status="PASS">
          <reporter-output>
          </reporter-output>
        </test-method> <!-- f3 -->
        <test-method signature="f4()[pri:0, instance:testng.Description@316bcf94]" started-at="2023-01-13T06:44:00 IST" name="f4" finished-at="2023-01-13T06:44:00 IST" duration-ms="1" status="PASS">
          <reporter-output>
          </reporter-output>
        </test-method> <!-- f4 -->
        <test-method signature="f5()[pri:0, instance:testng.Description@316bcf94]" started-at="2023-01-13T06:44:00 IST" name="f5" finished-at="2023-01-13T06:44:00 IST" duration-ms="2" status="PASS">
          <reporter-output>
          </reporter-output>
        </test-method> <!-- f5 -->
      </class> <!-- testng.Description -->
    </test> <!-- Default test -->
  </suite> <!-- Default suite -->
</testng-results>
